17:02:00 **** Build of configuration TriCore Debug (TASKING) for project timer_practice ****
amk -j12 all 
TASKING VX-toolset for AURIX Development Studio (non-commercial): program builder v1.1r8 Build 22011964
cctc -cs --dep-file="Cpu0_Main.d" --misrac-version=2004 -D__CPU__=tc27xd "-fC:/Users/USER/Documents/BasicArduino/InfineonTC275/timer_practice/TriCore Debug (TASKING)/TASKING_C_C___Compiler-Include_paths__-I_.opt" --iso=99 --c++14 --language=+volatile --exceptions --anachronisms --fp-model=3 -O0 --tradeoff=4 --compact-max-size=200 -g -Wc-w544 -Wc-w557 -Ctc27xd -Y0 -N0 -Z0 -o "Cpu0_Main.src" "../Cpu0_Main.c"
ctc W537: ["../Cpu0_Main.c" 92/16] unused variable "flag"
ctc W537: ["../Cpu0_Main.c" 124/26] unused variable "state"
ctc W537: ["../Cpu0_Main.c" 146/26] unused variable "state"
0 errors, 3 warnings
astc -Og -Os --no-warnings= --error-limit=42 -o  "Cpu0_Main.o" "Cpu0_Main.src"
Building target: timer_practice.elf
Invoking: TASKING Linker
cctc --lsl-file="../Lcf_Tasking_Tricore_Tc.lsl" -Wl-Oc -Wl-OL -Wl-Ot -Wl-Ox -Wl-Oy -Wl--map-file="timer_practice.map" -Wl-mc -Wl-mf -Wl-mi -Wl-mk -Wl-ml -Wl-mm -Wl-md -Wl-mr -Wl-mu --no-warnings= -Wl--error-limit=42 --fp-model=3 -lrt --lsl-core=vtc --exceptions --strict --anachronisms --force-c++ -Ctc27xd -o"timer_practice.elf" -Wl-o"timer_practice.hex:IHEX" "Libraries/iLLD/TC27D/Tricore/_PinMap/IfxAsclin_PinMap.o" "Libraries/iLLD/TC27D/Tricore/_PinMap/IfxCcu6_PinMap.o" "Libraries/iLLD/TC27D/Tricore/_PinMap/IfxCif_PinMap.o" "Libraries/iLLD/TC27D/Tricore/_PinMap/IfxDsadc_PinMap.o" "Libraries/iLLD/TC27D/Tricore/_PinMap/IfxEray_PinMap.o" "Libraries/iLLD/TC27D/Tricore/_PinMap/IfxEth_PinMap.o" "Libraries/iLLD/TC27D/Tricore/_PinMap/IfxGpt12_PinMap.o" "Libraries/iLLD/TC27D/Tricore/_PinMap/IfxGtm_PinMap.o" "Libraries/iLLD/TC27D/Tricore/_PinMap/IfxI2c_PinMap.o" "Libraries/iLLD/TC27D/Tricore/_PinMap/IfxMsc_PinMap.o" "Libraries/iLLD/TC27D/Tricore/_PinMap/IfxMultican_PinMap.o" "Libraries/iLLD/TC27D/Tricore/_PinMap/IfxPort_PinMap.o" "Libraries/iLLD/TC27D/Tricore/_PinMap/IfxPsi5_PinMap.o" "Libraries/iLLD/TC27D/Tricore/_PinMap/IfxPsi5s_PinMap.o" "Libraries/iLLD/TC27D/Tricore/_PinMap/IfxQspi_PinMap.o" "Libraries/iLLD/TC27D/Tricore/_PinMap/IfxScu_PinMap.o" "Libraries/iLLD/TC27D/Tricore/_PinMap/IfxSent_PinMap.o" "Libraries/iLLD/TC27D/Tricore/_PinMap/IfxSmu_PinMap.o" "Libraries/iLLD/TC27D/Tricore/_PinMap/IfxVadc_PinMap.o" "Libraries/iLLD/TC27D/Tricore/_Impl/IfxAsclin_cfg.o" "Libraries/iLLD/TC27D/Tricore/_Impl/IfxCcu6_cfg.o" "Libraries/iLLD/TC27D/Tricore/_Impl/IfxCif_cfg.o" "Libraries/iLLD/TC27D/Tricore/_Impl/IfxCpu_cfg.o" "Libraries/iLLD/TC27D/Tricore/_Impl/IfxDma_cfg.o" "Libraries/iLLD/TC27D/Tricore/_Impl/IfxEmem_cfg.o" "Libraries/iLLD/TC27D/Tricore/_Impl/IfxEray_cfg.o" "Libraries/iLLD/TC27D/Tricore/_Impl/IfxFlash_cfg.o" "Libraries/iLLD/TC27D/Tricore/_Impl/IfxGtm_cfg.o" "Libraries/iLLD/TC27D/Tricore/_Impl/IfxHssl_cfg.o" "Libraries/iLLD/TC27D/Tricore/_Impl/IfxI2c_cfg.o" "Libraries/iLLD/TC27D/Tricore/_Impl/IfxMsc_cfg.o" "Libraries/iLLD/TC27D/Tricore/_Impl/IfxMtu_cfg.o" "Libraries/iLLD/TC27D/Tricore/_Impl/IfxMultican_cfg.o" "Libraries/iLLD/TC27D/Tricore/_Impl/IfxPort_cfg.o" "Libraries/iLLD/TC27D/Tricore/_Impl/IfxPsi5_cfg.o" "Libraries/iLLD/TC27D/Tricore/_Impl/IfxQspi_cfg.o" "Libraries/iLLD/TC27D/Tricore/_Impl/IfxScu_cfg.o" "Libraries/iLLD/TC27D/Tricore/_Impl/IfxSent_cfg.o" "Libraries/iLLD/TC27D/Tricore/_Impl/IfxSmu_cfg.o" "Libraries/iLLD/TC27D/Tricore/_Impl/IfxSrc_cfg.o" "Libraries/iLLD/TC27D/Tricore/_Impl/IfxStm_cfg.o" "Libraries/iLLD/TC27D/Tricore/_Impl/IfxVadc_cfg.o" "Libraries/iLLD/TC27D/Tricore/Stm/Std/IfxStm.o" "Libraries/iLLD/TC27D/Tricore/Src/Std/IfxSrc.o" "Libraries/iLLD/TC27D/Tricore/Scu/Std/IfxScuCcu.o" "Libraries/iLLD/TC27D/Tricore/Scu/Std/IfxScuEru.o" "Libraries/iLLD/TC27D/Tricore/Scu/Std/IfxScuWdt.o" "Libraries/iLLD/TC27D/Tricore/Port/Std/IfxPort.o" "Libraries/iLLD/TC27D/Tricore/Mtu/Std/IfxMtu.o" "Libraries/iLLD/TC27D/Tricore/Gtm/Std/IfxGtm.o" "Libraries/iLLD/TC27D/Tricore/Gtm/Std/IfxGtm_Atom.o" "Libraries/iLLD/TC27D/Tricore/Gtm/Std/IfxGtm_Cmu.o" "Libraries/iLLD/TC27D/Tricore/Gtm/Std/IfxGtm_Dpll.o" "Libraries/iLLD/TC27D/Tricore/Gtm/Std/IfxGtm_Tbu.o" "Libraries/iLLD/TC27D/Tricore/Gtm/Std/IfxGtm_Tim.o" "Libraries/iLLD/TC27D/Tricore/Gtm/Std/IfxGtm_Tom.o" "Libraries/iLLD/TC27D/Tricore/Cpu/Trap/IfxCpu_Trap.o" "Libraries/iLLD/TC27D/Tricore/Cpu/Std/IfxCpu.o" "Libraries/iLLD/TC27D/Tricore/Cpu/Irq/IfxCpu_Irq.o" "Libraries/iLLD/TC27D/Tricore/Cpu/CStart/IfxCpu_CStart0.o" "Libraries/iLLD/TC27D/Tricore/Cpu/CStart/IfxCpu_CStart1.o" "Libraries/iLLD/TC27D/Tricore/Cpu/CStart/IfxCpu_CStart2.o" "Libraries/Infra/Platform/Tricore/Compilers/CompilerDcc.o" "Libraries/Infra/Platform/Tricore/Compilers/CompilerGcc.o" "Libraries/Infra/Platform/Tricore/Compilers/CompilerGhs.o" "Libraries/Infra/Platform/Tricore/Compilers/CompilerGnuc.o" "Libraries/Infra/Platform/Tricore/Compilers/CompilerTasking.o" "Configurations/Debug/sync_on_halt.o" "Cpu0_Main.o" "Cpu1_Main.o" "Cpu2_Main.o"
Finished building target: timer_practice.elf
 
Invoking: Print Size
elfsize  "timer_practice.elf"
Total sizes:
ROM: 0x26db (9947) = code: 0x24da (9434) + romdata: 0x201 (513)
RAM: 0x9546 (38214) = data + bss
Finished building: timer_practice.siz
 

17:02:02 Build Finished. 0 errors, 3 warnings. (took 1s.448ms)

